#
# There is insufficient memory for the Java Runtime Environment to continue.
# Native memory allocation (malloc) failed to allocate 1165776 bytes. Error detail: Chunk::new
# Possible reasons:
#   The system is out of physical RAM or swap space
#   This process is running with CompressedOops enabled, and the Java Heap may be blocking the growth of the native heap
# Possible solutions:
#   Reduce memory load on the system
#   Increase physical memory or swap space
#   Check if swap backing store is full
#   Decrease Java heap size (-Xmx/-Xms)
#   Decrease number of Java threads
#   Decrease Java thread stack sizes (-Xss)
#   Set larger code cache with -XX:ReservedCodeCacheSize=
#   JVM is running with Unscaled Compressed Oops mode in which the Java heap is
#     placed in the first 4GB address space. The Java Heap base address is the
#     maximum limit for the native heap growth. Please use -XX:HeapBaseMinAddress
#     to set the Java Heap base and to place the Java Heap above 4GB virtual address.
# This output file may be truncated or incomplete.
#
#  Out of Memory Error (arena.cpp:150), pid=13484, tid=8208
#
# JRE version: OpenJDK Runtime Environment (22.0.1+8) (build 22.0.1+8-16)
# Java VM: OpenJDK 64-Bit Server VM (22.0.1+8-16, mixed mode, sharing, tiered, compressed oops, compressed class ptrs, g1 gc, windows-amd64)
# No core dump will be written. Minidumps are not enabled by default on client versions of Windows
#

---------------  S U M M A R Y ------------

Command Line: -agentlib:jdwp=transport=dt_socket,address=127.0.0.1:56567,suspend=y,server=n -javaagent:C:\Users\FUTURE~1\AppData\Local\Temp\captureAgent2273jars\debugger-agent.jar=file:/C:/Users/FUTURE~1/AppData/Local/Temp/capture.props -Dfile.encoding=UTF-8 -Dsun.stdout.encoding=UTF-8 -Dsun.stderr.encoding=UTF-8 com.example.article_api.ArticleApiApplication

Host: Intel(R) Core(TM) i5-10210U CPU @ 1.60GHz, 8 cores, 7G,  Windows 10 , 64 bit Build 19041 (10.0.19041.5915)
Time: Tue Dec  2 06:11:07 2025 Pacific Standard Time elapsed time: 7.164896 seconds (0d 0h 0m 7s)

---------------  T H R E A D  ---------------

Current thread (0x000002920ee45590):  JavaThread "C2 CompilerThread1" daemon [_thread_in_native, id=8208, stack(0x000000e101c00000,0x000000e101d00000) (1024K)]


Current CompileTask:
C2:7164 5700   !   4       org.springframework.util.ReflectionUtils::doWithMethods (189 bytes)

Stack: [0x000000e101c00000,0x000000e101d00000]
Native frames: (J=compiled Java code, j=interpreted, Vv=VM code, C=native code)
V  [jvm.dll+0x6e2279]  (no source info available)
V  [jvm.dll+0x874e33]  (no source info available)
V  [jvm.dll+0x87725e]  (no source info available)
V  [jvm.dll+0x877933]  (no source info available)
V  [jvm.dll+0x27fd76]  (no source info available)
V  [jvm.dll+0xc3d0f]  (no source info available)
V  [jvm.dll+0xc3f6b]  (no source info available)
V  [jvm.dll+0x2f3c2f]  (no source info available)
V  [jvm.dll+0x60bc9a]  (no source info available)
V  [jvm.dll+0x250db2]  (no source info available)
V  [jvm.dll+0x2493c6]  (no source info available)
V  [jvm.dll+0x246ec6]  (no source info available)
V  [jvm.dll+0x1c4e90]  (no source info available)
V  [jvm.dll+0x2569fe]  (no source info available)
V  [jvm.dll+0x254cba]  (no source info available)
V  [jvm.dll+0x3f5336]  (no source info available)
V  [jvm.dll+0x81d44b]  (no source info available)
V  [jvm.dll+0x6e0915]  (no source info available)
C  [ucrtbase.dll+0x21bb2]  (no source info available)
C  [KERNEL32.DLL+0x17374]  (no source info available)
C  [ntdll.dll+0x4cc91]  (no source info available)


---------------  P R O C E S S  ---------------

Threads class SMR info:
_java_thread_list=0x000002920f383560, length=21, elements={
0x00000291a9ec2a30, 0x00000291c87f2b50, 0x00000291c87f3a20, 0x00000291c87f9bb0,
0x00000291c87fea50, 0x00000291c88008f0, 0x00000291c8804a00, 0x00000291c8811430,
0x00000291c8811af0, 0x00000291c8805db0, 0x00000291c8bcc750, 0x00000291c8b53170,
0x00000291c8b53800, 0x00000291c8805090, 0x000002920ee45590, 0x00000291c8803ce0,
0x00000291c8805720, 0x00000291c8804370, 0x00000291c8806440, 0x00000291c8802fc0,
0x00000291c8803650
}

Java Threads: ( => current thread )
  0x00000291a9ec2a30 JavaThread "main"                              [_thread_in_vm, id=18724, stack(0x000000e100000000,0x000000e100100000) (1024K)]
  0x00000291c87f2b50 JavaThread "Reference Handler"          daemon [_thread_blocked, id=16876, stack(0x000000e100800000,0x000000e100900000) (1024K)]
  0x00000291c87f3a20 JavaThread "Finalizer"                  daemon [_thread_blocked, id=10904, stack(0x000000e100900000,0x000000e100a00000) (1024K)]
  0x00000291c87f9bb0 JavaThread "Signal Dispatcher"          daemon [_thread_blocked, id=13876, stack(0x000000e100a00000,0x000000e100b00000) (1024K)]
  0x00000291c87fea50 JavaThread "Attach Listener"            daemon [_thread_blocked, id=20728, stack(0x000000e100b00000,0x000000e100c00000) (1024K)]
  0x00000291c88008f0 JavaThread "Service Thread"             daemon [_thread_blocked, id=18944, stack(0x000000e100c00000,0x000000e100d00000) (1024K)]
  0x00000291c8804a00 JavaThread "Monitor Deflation Thread"   daemon [_thread_blocked, id=20984, stack(0x000000e100d00000,0x000000e100e00000) (1024K)]
  0x00000291c8811430 JavaThread "C2 CompilerThread0"         daemon [_thread_in_native, id=11708, stack(0x000000e100e00000,0x000000e100f00000) (1024K)]
  0x00000291c8811af0 JavaThread "C1 CompilerThread0"         daemon [_thread_blocked, id=7240, stack(0x000000e100f00000,0x000000e101000000) (1024K)]
  0x00000291c8805db0 JavaThread "Common-Cleaner"             daemon [_thread_blocked, id=7504, stack(0x000000e101000000,0x000000e101100000) (1024K)]
  0x00000291c8bcc750 JavaThread "JDWP Transport Listener: dt_socket" daemon [_thread_blocked, id=12580, stack(0x000000e101100000,0x000000e101200000) (1024K)]
  0x00000291c8b53170 JavaThread "JDWP Event Helper Thread"   daemon [_thread_blocked, id=19144, stack(0x000000e101200000,0x000000e101300000) (1024K)]
  0x00000291c8b53800 JavaThread "JDWP Command Reader"        daemon [_thread_in_native, id=13020, stack(0x000000e101300000,0x000000e101400000) (1024K)]
  0x00000291c8805090 JavaThread "Notification Thread"        daemon [_thread_blocked, id=16228, stack(0x000000e101400000,0x000000e101500000) (1024K)]
=>0x000002920ee45590 JavaThread "C2 CompilerThread1"         daemon [_thread_in_native, id=8208, stack(0x000000e101c00000,0x000000e101d00000) (1024K)]
  0x00000291c8803ce0 JavaThread "Catalina-utility-1"                [_thread_blocked, id=16896, stack(0x000000e101d00000,0x000000e101e00000) (1024K)]
  0x00000291c8805720 JavaThread "Catalina-utility-2"                [_thread_blocked, id=14948, stack(0x000000e101f00000,0x000000e102000000) (1024K)]
  0x00000291c8804370 JavaThread "container-0"                       [_thread_blocked, id=1148, stack(0x000000e102000000,0x000000e102100000) (1024K)]
  0x00000291c8806440 JavaThread "PostgreSQL-JDBC-Cleaner"    daemon [_thread_blocked, id=11016, stack(0x000000e102200000,0x000000e102300000) (1024K)]
  0x00000291c8802fc0 JavaThread "HikariPool-1:housekeeper"   daemon [_thread_blocked, id=20428, stack(0x000000e102300000,0x000000e102400000) (1024K)]
  0x00000291c8803650 JavaThread "HikariPool-1:connection-adder" daemon [_thread_blocked, id=8660, stack(0x000000e102400000,0x000000e102500000) (1024K)]
Total: 21

Other Threads:
  0x00000291c87d74c0 VMThread "VM Thread"                           [id=14044, stack(0x000000e100700000,0x000000e100800000) (1024K)]
  0x00000291c87befa0 WatcherThread "VM Periodic Task Thread"        [id=3620, stack(0x000000e100600000,0x000000e100700000) (1024K)]
  0x00000291ac129c30 WorkerThread "GC Thread#0"                     [id=10680, stack(0x000000e100100000,0x000000e100200000) (1024K)]
  0x000002920e6d3b00 WorkerThread "GC Thread#1"                     [id=12364, stack(0x000000e101500000,0x000000e101600000) (1024K)]
  0x000002920e9e73b0 WorkerThread "GC Thread#2"                     [id=7740, stack(0x000000e101600000,0x000000e101700000) (1024K)]
  0x000002920e52cf20 WorkerThread "GC Thread#3"                     [id=13352, stack(0x000000e101700000,0x000000e101800000) (1024K)]
  0x000002920e52d6d0 WorkerThread "GC Thread#4"                     [id=11352, stack(0x000000e101800000,0x000000e101900000) (1024K)]
  0x000002920e58c5b0 WorkerThread "GC Thread#5"                     [id=4996, stack(0x000000e101900000,0x000000e101a00000) (1024K)]
  0x000002920e58d180 WorkerThread "GC Thread#6"                     [id=19652, stack(0x000000e101a00000,0x000000e101b00000) (1024K)]
  0x000002920e58d530 WorkerThread "GC Thread#7"                     [id=10132, stack(0x000000e101b00000,0x000000e101c00000) (1024K)]
  0x00000291ac13b6a0 ConcurrentGCThread "G1 Main Marker"            [id=9600, stack(0x000000e100200000,0x000000e100300000) (1024K)]
  0x00000291ac13c950 WorkerThread "G1 Conc#0"                       [id=20796, stack(0x000000e100300000,0x000000e100400000) (1024K)]
  0x0000029210c74600 WorkerThread "G1 Conc#1"                       [id=17508, stack(0x000000e101e00000,0x000000e101f00000) (1024K)]
  0x00000291c868ccd0 ConcurrentGCThread "G1 Refine#0"               [id=10092, stack(0x000000e100400000,0x000000e100500000) (1024K)]
  0x00000291c868f670 ConcurrentGCThread "G1 Service"                [id=7988, stack(0x000000e100500000,0x000000e100600000) (1024K)]
Total: 15

Threads with active compile tasks:
C2 CompilerThread0  7229 5704       4       org.springframework.aop.support.MethodMatchers$UnionMethodMatcher::matches (50 bytes)
C2 CompilerThread1  7229 5700   !   4       org.springframework.util.ReflectionUtils::doWithMethods (189 bytes)
Total: 2

VM state: not at safepoint (normal execution)

VM Mutex/Monitor currently owned by a thread: None

Heap address: 0x0000000085a00000, size: 1958 MB, Compressed Oops mode: 32-bit

CDS archive(s) mapped at: [0x00000291c9000000-0x00000291c9c50000-0x00000291c9c50000), size 12910592, SharedBaseAddress: 0x00000291c9000000, ArchiveRelocationMode: 1.
Compressed class space mapped at: 0x00000291ca000000-0x000002920a000000, reserved size: 1073741824
Narrow klass base: 0x00000291c9000000, Narrow klass shift: 0, Narrow klass range: 0x41000000

GC Precious Log:
 CardTable entry size: 512
 Card Set container configuration: InlinePtr #cards 5 size 8 Array Of Cards #cards 12 size 40 Howl #buckets 4 coarsen threshold 1843 Howl Bitmap #cards 512 size 80 coarsen threshold 460 Card regions per heap region 1 cards per card region 2048
 CPUs: 8 total, 8 available
 Memory: 7824M
 Large Page Support: Disabled
 NUMA Support: Disabled
 Compressed Oops: Enabled (32-bit)
 Heap Region Size: 1M
 Heap Min Capacity: 8M
 Heap Initial Capacity: 124M
 Heap Max Capacity: 1958M
 Pre-touch: Disabled
 Parallel Workers: 8
 Concurrent Workers: 2
 Concurrent Refinement Workers: 8
 Periodic GC: Disabled

Heap:
 garbage-first heap   total reserved 2004992K, committed 60416K, used 50618K [0x0000000085a00000, 0x0000000100000000)
  region size 1024K, 24 young (24576K), 3 survivors (3072K)
 Metaspace       used 66948K, committed 67712K, reserved 1114112K
  class space    used 9218K, committed 9536K, reserved 1048576K

Heap Regions: E=young(eden), S=young(survivor), O=old, HS=humongous(starts), HC=humongous(continues), CS=collection set, F=free, TAMS=top-at-mark-start, PB=parsable bottom
|   0|0x0000000085a00000, 0x0000000085b00000, 0x0000000085b00000|100%|HS|  |TAMS 0x0000000085a00000| PB 0x0000000085a00000| Complete |  0
|   1|0x0000000085b00000, 0x0000000085c00000, 0x0000000085c00000|100%|HS|  |TAMS 0x0000000085b00000| PB 0x0000000085b00000| Complete |  0
|   2|0x0000000085c00000, 0x0000000085d00000, 0x0000000085d00000|100%| O|  |TAMS 0x0000000085c00000| PB 0x0000000085c00000| Untracked |  0
|   3|0x0000000085d00000, 0x0000000085e00000, 0x0000000085e00000|100%| O|  |TAMS 0x0000000085d00000| PB 0x0000000085d00000| Untracked |  0
|   4|0x0000000085e00000, 0x0000000085f00000, 0x0000000085f00000|100%| O|  |TAMS 0x0000000085e00000| PB 0x0000000085e00000| Untracked |  0
|   5|0x0000000085f00000, 0x0000000086000000, 0x0000000086000000|100%| O|  |TAMS 0x0000000085f00000| PB 0x0000000085f00000| Untracked |  0
|   6|0x0000000086000000, 0x0000000086100000, 0x0000000086100000|100%| O|  |TAMS 0x0000000086000000| PB 0x0000000086000000| Untracked |  0
|   7|0x0000000086100000, 0x0000000086200000, 0x0000000086200000|100%| O|  |TAMS 0x0000000086100000| PB 0x0000000086100000| Untracked |  0
|   8|0x0000000086200000, 0x0000000086300000, 0x0000000086300000|100%| O|  |TAMS 0x0000000086200000| PB 0x0000000086200000| Untracked |  0
|   9|0x0000000086300000, 0x0000000086400000, 0x0000000086400000|100%| O|  |TAMS 0x0000000086300000| PB 0x0000000086300000| Untracked |  0
|  10|0x0000000086400000, 0x0000000086500000, 0x0000000086500000|100%| O|  |TAMS 0x0000000086400000| PB 0x0000000086400000| Untracked |  0
|  11|0x0000000086500000, 0x0000000086600000, 0x0000000086600000|100%| O|  |TAMS 0x0000000086500000| PB 0x0000000086500000| Untracked |  0
|  12|0x0000000086600000, 0x0000000086700000, 0x0000000086700000|100%| O|  |TAMS 0x0000000086600000| PB 0x0000000086600000| Untracked |  0
|  13|0x0000000086700000, 0x0000000086800000, 0x0000000086800000|100%| O|  |TAMS 0x0000000086700000| PB 0x0000000086700000| Untracked |  0
|  14|0x0000000086800000, 0x0000000086900000, 0x0000000086900000|100%| O|  |TAMS 0x0000000086800000| PB 0x0000000086800000| Untracked |  0
|  15|0x0000000086900000, 0x0000000086a00000, 0x0000000086a00000|100%| O|  |TAMS 0x0000000086900000| PB 0x0000000086900000| Untracked |  0
|  16|0x0000000086a00000, 0x0000000086b00000, 0x0000000086b00000|100%| O|  |TAMS 0x0000000086a00000| PB 0x0000000086a00000| Untracked |  0
|  17|0x0000000086b00000, 0x0000000086c00000, 0x0000000086c00000|100%| O|  |TAMS 0x0000000086b00000| PB 0x0000000086b00000| Untracked |  0
|  18|0x0000000086c00000, 0x0000000086d00000, 0x0000000086d00000|100%| O|  |TAMS 0x0000000086c00000| PB 0x0000000086c00000| Untracked |  0
|  19|0x0000000086d00000, 0x0000000086e00000, 0x0000000086e00000|100%| O|Cm|TAMS 0x0000000086d00000| PB 0x0000000086d00000| Complete |  0
|  20|0x0000000086e00000, 0x0000000086f00000, 0x0000000086f00000|100%| O|  |TAMS 0x0000000086e00000| PB 0x0000000086e00000| Untracked |  0
|  21|0x0000000086f00000, 0x0000000087000000, 0x0000000087000000|100%| O|  |TAMS 0x0000000086f00000| PB 0x0000000086f00000| Untracked |  0
|  22|0x0000000087000000, 0x0000000087100000, 0x0000000087100000|100%| O|  |TAMS 0x0000000087000000| PB 0x0000000087000000| Untracked |  0
|  23|0x0000000087100000, 0x0000000087200000, 0x0000000087200000|100%| O|  |TAMS 0x0000000087100000| PB 0x0000000087100000| Untracked |  0
|  24|0x0000000087200000, 0x000000008726e800, 0x0000000087300000| 43%| O|  |TAMS 0x0000000087200000| PB 0x0000000087200000| Untracked |  0
|  25|0x0000000087300000, 0x0000000087300000, 0x0000000087400000|  0%| F|  |TAMS 0x0000000087300000| PB 0x0000000087300000| Untracked |  0
|  26|0x0000000087400000, 0x0000000087400000, 0x0000000087500000|  0%| F|  |TAMS 0x0000000087400000| PB 0x0000000087400000| Untracked |  0
|  27|0x0000000087500000, 0x0000000087500000, 0x0000000087600000|  0%| F|  |TAMS 0x0000000087500000| PB 0x0000000087500000| Untracked |  0
|  28|0x0000000087600000, 0x0000000087600000, 0x0000000087700000|  0%| F|  |TAMS 0x0000000087600000| PB 0x0000000087600000| Untracked |  0
|  29|0x0000000087700000, 0x0000000087700000, 0x0000000087800000|  0%| F|  |TAMS 0x0000000087700000| PB 0x0000000087700000| Untracked |  0
|  30|0x0000000087800000, 0x0000000087800000, 0x0000000087900000|  0%| F|  |TAMS 0x0000000087800000| PB 0x0000000087800000| Untracked |  0
|  31|0x0000000087900000, 0x0000000087a00000, 0x0000000087a00000|100%| S|CS|TAMS 0x0000000087900000| PB 0x0000000087900000| Complete |  0
|  32|0x0000000087a00000, 0x0000000087b00000, 0x0000000087b00000|100%| S|CS|TAMS 0x0000000087a00000| PB 0x0000000087a00000| Complete |  0
|  33|0x0000000087b00000, 0x0000000087c00000, 0x0000000087c00000|100%| S|CS|TAMS 0x0000000087b00000| PB 0x0000000087b00000| Complete |  0
|  34|0x0000000087c00000, 0x0000000087c00000, 0x0000000087d00000|  0%| F|  |TAMS 0x0000000087c00000| PB 0x0000000087c00000| Untracked |  0
|  35|0x0000000087d00000, 0x0000000087d00000, 0x0000000087e00000|  0%| F|  |TAMS 0x0000000087d00000| PB 0x0000000087d00000| Untracked |  0
|  36|0x0000000087e00000, 0x0000000087e704e0, 0x0000000087f00000| 43%| E|  |TAMS 0x0000000087e00000| PB 0x0000000087e00000| Complete |  0
|  37|0x0000000087f00000, 0x0000000088000000, 0x0000000088000000|100%| E|CS|TAMS 0x0000000087f00000| PB 0x0000000087f00000| Complete |  0
|  38|0x0000000088000000, 0x0000000088100000, 0x0000000088100000|100%| E|CS|TAMS 0x0000000088000000| PB 0x0000000088000000| Complete |  0
|  39|0x0000000088100000, 0x0000000088200000, 0x0000000088200000|100%| E|CS|TAMS 0x0000000088100000| PB 0x0000000088100000| Complete |  0
|  40|0x0000000088200000, 0x0000000088300000, 0x0000000088300000|100%| E|CS|TAMS 0x0000000088200000| PB 0x0000000088200000| Complete |  0
|  41|0x0000000088300000, 0x0000000088400000, 0x0000000088400000|100%| E|CS|TAMS 0x0000000088300000| PB 0x0000000088300000| Complete |  0
|  42|0x0000000088400000, 0x0000000088500000, 0x0000000088500000|100%| E|CS|TAMS 0x0000000088400000| PB 0x0000000088400000| Complete |  0
|  43|0x0000000088500000, 0x0000000088600000, 0x0000000088600000|100%| E|CS|TAMS 0x0000000088500000| PB 0x0000000088500000| Complete |  0
|  44|0x0000000088600000, 0x0000000088700000, 0x0000000088700000|100%| E|CS|TAMS 0x0000000088600000| PB 0x0000000088600000| Complete |  0
|  45|0x0000000088700000, 0x0000000088800000, 0x0000000088800000|100%| E|CS|TAMS 0x0000000088700000| PB 0x0000000088700000| Complete |  0
|  46|0x0000000088800000, 0x0000000088900000, 0x0000000088900000|100%| E|CS|TAMS 0x0000000088800000| PB 0x0000000088800000| Complete |  0
|  47|0x0000000088900000, 0x0000000088a00000, 0x0000000088a00000|100%| E|CS|TAMS 0x0000000088900000| PB 0x0000000088900000| Complete |  0
|  48|0x0000000088a00000, 0x0000000088b00000, 0x0000000088b00000|100%| E|CS|TAMS 0x0000000088a00000| PB 0x0000000088a00000| Complete |  0
|  49|0x0000000088b00000, 0x0000000088c00000, 0x0000000088c00000|100%| E|CS|TAMS 0x0000000088b00000| PB 0x0000000088b00000| Complete |  0
|  68|0x0000000089e00000, 0x0000000089f00000, 0x0000000089f00000|100%| E|CS|TAMS 0x0000000089e00000| PB 0x0000000089e00000| Complete |  0
|  69|0x0000000089f00000, 0x000000008a000000, 0x000000008a000000|100%| E|CS|TAMS 0x0000000089f00000| PB 0x0000000089f00000| Complete |  0
|  70|0x000000008a000000, 0x000000008a100000, 0x000000008a100000|100%| E|CS|TAMS 0x000000008a000000| PB 0x000000008a000000| Complete |  0
|  71|0x000000008a100000, 0x000000008a200000, 0x000000008a200000|100%| E|CS|TAMS 0x000000008a100000| PB 0x000000008a100000| Complete |  0
|  72|0x000000008a200000, 0x000000008a300000, 0x000000008a300000|100%| E|CS|TAMS 0x000000008a200000| PB 0x000000008a200000| Complete |  0
|  73|0x000000008a300000, 0x000000008a400000, 0x000000008a400000|100%| E|CS|TAMS 0x000000008a300000| PB 0x000000008a300000| Complete |  0
| 123|0x000000008d500000, 0x000000008d600000, 0x000000008d600000|100%| E|CS|TAMS 0x000000008d500000| PB 0x000000008d500000| Complete |  0
|1956|0x00000000ffe00000, 0x00000000fff00000, 0x00000000fff00000|100%| O|  |TAMS 0x00000000ffe00000| PB 0x00000000ffe00000| Untracked |  0
|1957|0x00000000fff00000, 0x0000000100000000, 0x0000000100000000|100%| O|  |TAMS 0x00000000fff00000| PB 0x00000000fff00000| Untracked |  0

Card table byte_map: [0x00000291c3b20000,0x00000291c3f00000] _byte_map_base: 0x00000291c36f3000

Marking Bits: (CMBitMap*) 0x00000291ac12b750
 Bits: [0x00000291c3f00000, 0x00000291c5d98000)

Polling page: 0x00000291aa000000

Metaspace:

Usage:
  Non-class:     56.38 MB used.
      Class:      9.00 MB used.
       Both:     65.39 MB used.

Virtual space:
  Non-class space:       64.00 MB reserved,      56.81 MB ( 89%) committed,  1 nodes.
      Class space:        1.00 GB reserved,       9.31 MB ( <1%) committed,  1 nodes.
             Both:        1.06 GB reserved,      66.12 MB (  6%) committed. 

Chunk freelists:
   Non-Class:  6.36 MB
       Class:  6.58 MB
        Both:  12.94 MB

MaxMetaspaceSize: unlimited
CompressedClassSpaceSize: 1.00 GB
Initial GC threshold: 21.00 MB
Current GC threshold: 99.00 MB
CDS: on
 - commit_granule_bytes: 65536.
 - commit_granule_words: 8192.
 - virtual_space_node_default_size: 8388608.
 - enlarge_chunks_in_place: 1.
 - use_allocation_guard: 0.


Internal statistics:

num_allocs_failed_limit: 9.
num_arena_births: 924.
num_arena_deaths: 0.
num_vsnodes_births: 2.
num_vsnodes_deaths: 0.
num_space_committed: 1058.
num_space_uncommitted: 0.
num_chunks_returned_to_freelist: 9.
num_chunks_taken_from_freelist: 3287.
num_chunk_merges: 9.
num_chunk_splits: 2401.
num_chunks_enlarged: 1883.
num_inconsistent_stats: 0.

CodeHeap 'non-profiled nmethods': size=120000Kb used=3382Kb max_used=3382Kb free=116617Kb
 bounds [0x00000291bbee0000, 0x00000291bc230000, 0x00000291c3410000]
CodeHeap 'profiled nmethods': size=120000Kb used=9980Kb max_used=10248Kb free=110019Kb
 bounds [0x00000291b4410000, 0x00000291b4e20000, 0x00000291bb940000]
CodeHeap 'non-nmethods': size=5760Kb used=1756Kb max_used=1793Kb free=4003Kb
 bounds [0x00000291bb940000, 0x00000291bbbb0000, 0x00000291bbee0000]
 total_blobs=5924 nmethods=5199 adapters=629
 compilation: enabled
              stopped_count=0, restarted_count=0
 full_count=0

Compilation events (20 events):
Event: 7.093 Thread 0x00000291c8811af0 5745       3       java.lang.invoke.LambdaFormEditor$TransformKey::packedBytes (92 bytes)
Event: 7.094 Thread 0x00000291c8811af0 nmethod 5745 0x00000291b4a91c10 code [0x00000291b4a91de0, 0x00000291b4a921a0]
Event: 7.106 Thread 0x00000291c8811af0 5746       3       java.util.Collections$UnmodifiableMap::containsKey (11 bytes)
Event: 7.106 Thread 0x00000291c8811af0 nmethod 5746 0x00000291b4496790 code [0x00000291b4496940, 0x00000291b4496b30]
Event: 7.111 Thread 0x00000291c8811af0 5749       3       org.springframework.util.ReflectionUtils::isEqualsMethod (42 bytes)
Event: 7.112 Thread 0x00000291c8811af0 nmethod 5749 0x00000291b4495e90 code [0x00000291b4496080, 0x00000291b4496560]
Event: 7.113 Thread 0x00000291c8811af0 5750       1       org.springframework.beans.PropertyEditorRegistrySupport::setDefaultEditorRegistrar (6 bytes)
Event: 7.113 Thread 0x00000291c8811af0 nmethod 5750 0x00000291bc0ef890 code [0x00000291bc0efa20, 0x00000291bc0efb30]
Event: 7.117 Thread 0x00000291c8811af0 5751       1       org.springframework.beans.PropertyEditorRegistrySupport::setConversionService (6 bytes)
Event: 7.117 Thread 0x00000291c8811af0 nmethod 5751 0x00000291bc0ef590 code [0x00000291bc0ef720, 0x00000291bc0ef830]
Event: 7.118 Thread 0x00000291c8811af0 5752       3       org.springframework.util.StringUtils::substringMatch (60 bytes)
Event: 7.118 Thread 0x00000291c8811af0 nmethod 5752 0x00000291b47f3710 code [0x00000291b47f3920, 0x00000291b47f3f90]
Event: 7.119 Thread 0x00000291c8811af0 5753       3       org.springframework.boot.context.properties.source.SpringIterableConfigurationPropertySource$Cache::tryUpdate (364 bytes)
Event: 7.121 Thread 0x00000291c8811af0 nmethod 5753 0x00000291b4a8c390 code [0x00000291b4a8c840, 0x00000291b4a8f090]
Event: 7.121 Thread 0x00000291c8811af0 5755       1       org.springframework.context.expression.StandardBeanExpressionResolver$1::isTemplate (2 bytes)
Event: 7.121 Thread 0x00000291c8811af0 nmethod 5755 0x00000291bc0ef290 code [0x00000291bc0ef420, 0x00000291bc0ef4e8]
Event: 7.145 Thread 0x00000291c8811af0 5756       3       jdk.internal.util.ImmutableBitSetPredicate$SmallImmutableBitSetPredicate::test (50 bytes)
Event: 7.146 Thread 0x00000291c8811af0 nmethod 5756 0x00000291b47f3210 code [0x00000291b47f33c0, 0x00000291b47f3640]
Event: 7.162 Thread 0x00000291c8811430 nmethod 5718 0x00000291bc0e8090 code [0x00000291bc0e8500, 0x00000291bc0eb9a8]
Event: 7.162 Thread 0x00000291c8811430 5747       4       org.springframework.util.ClassUtils::getUserClass (32 bytes)

GC Heap History (20 events):
Event: 2.139 GC heap before
{Heap before GC invocations=2 (full 0):
 garbage-first heap   total reserved 2004992K, committed 126976K, used 57573K [0x0000000085a00000, 0x0000000100000000)
  region size 1024K, 50 young (51200K), 3 survivors (3072K)
 Metaspace       used 21170K, committed 21504K, reserved 1114112K
  class space    used 2681K, committed 2816K, reserved 1048576K
}
Event: 2.146 GC heap after
{Heap after GC invocations=3 (full 0):
 garbage-first heap   total reserved 2004992K, committed 126976K, used 15360K [0x0000000085a00000, 0x0000000100000000)
  region size 1024K, 6 young (6144K), 6 survivors (6144K)
 Metaspace       used 21170K, committed 21504K, reserved 1114112K
  class space    used 2681K, committed 2816K, reserved 1048576K
}
Event: 2.745 GC heap before
{Heap before GC invocations=4 (full 0):
 garbage-first heap   total reserved 2004992K, committed 51200K, used 51200K [0x0000000085a00000, 0x0000000100000000)
  region size 1024K, 41 young (41984K), 6 survivors (6144K)
 Metaspace       used 26048K, committed 26432K, reserved 1114112K
  class space    used 3333K, committed 3520K, reserved 1048576K
}
Event: 2.754 GC heap after
{Heap after GC invocations=5 (full 0):
 garbage-first heap   total reserved 2004992K, committed 60416K, used 18240K [0x0000000085a00000, 0x0000000100000000)
  region size 1024K, 7 young (7168K), 7 survivors (7168K)
 Metaspace       used 26048K, committed 26432K, reserved 1114112K
  class space    used 3333K, committed 3520K, reserved 1048576K
}
Event: 3.550 GC heap before
{Heap before GC invocations=5 (full 0):
 garbage-first heap   total reserved 2004992K, committed 60416K, used 46912K [0x0000000085a00000, 0x0000000100000000)
  region size 1024K, 35 young (35840K), 7 survivors (7168K)
 Metaspace       used 30573K, committed 31040K, reserved 1114112K
  class space    used 3964K, committed 4160K, reserved 1048576K
}
Event: 3.560 GC heap after
{Heap after GC invocations=6 (full 0):
 garbage-first heap   total reserved 2004992K, committed 60416K, used 20480K [0x0000000085a00000, 0x0000000100000000)
  region size 1024K, 3 young (3072K), 3 survivors (3072K)
 Metaspace       used 30573K, committed 31040K, reserved 1114112K
  class space    used 3964K, committed 4160K, reserved 1048576K
}
Event: 4.204 GC heap before
{Heap before GC invocations=6 (full 0):
 garbage-first heap   total reserved 2004992K, committed 60416K, used 49152K [0x0000000085a00000, 0x0000000100000000)
  region size 1024K, 31 young (31744K), 3 survivors (3072K)
 Metaspace       used 35489K, committed 36032K, reserved 1114112K
  class space    used 4621K, committed 4864K, reserved 1048576K
}
Event: 4.208 GC heap after
{Heap after GC invocations=7 (full 0):
 garbage-first heap   total reserved 2004992K, committed 60416K, used 22659K [0x0000000085a00000, 0x0000000100000000)
  region size 1024K, 3 young (3072K), 3 survivors (3072K)
 Metaspace       used 35489K, committed 36032K, reserved 1114112K
  class space    used 4621K, committed 4864K, reserved 1048576K
}
Event: 4.252 GC heap before
{Heap before GC invocations=7 (full 0):
 garbage-first heap   total reserved 2004992K, committed 60416K, used 23683K [0x0000000085a00000, 0x0000000100000000)
  region size 1024K, 6 young (6144K), 3 survivors (3072K)
 Metaspace       used 35660K, committed 36160K, reserved 1114112K
  class space    used 4650K, committed 4864K, reserved 1048576K
}
Event: 4.254 GC heap after
{Heap after GC invocations=8 (full 0):
 garbage-first heap   total reserved 2004992K, committed 60416K, used 23051K [0x0000000085a00000, 0x0000000100000000)
  region size 1024K, 1 young (1024K), 1 survivors (1024K)
 Metaspace       used 35660K, committed 36160K, reserved 1114112K
  class space    used 4650K, committed 4864K, reserved 1048576K
}
Event: 4.848 GC heap before
{Heap before GC invocations=9 (full 0):
 garbage-first heap   total reserved 2004992K, committed 60416K, used 49675K [0x0000000085a00000, 0x0000000100000000)
  region size 1024K, 28 young (28672K), 1 survivors (1024K)
 Metaspace       used 41401K, committed 41984K, reserved 1114112K
  class space    used 5552K, committed 5824K, reserved 1048576K
}
Event: 4.850 GC heap after
{Heap after GC invocations=10 (full 0):
 garbage-first heap   total reserved 2004992K, committed 60416K, used 24408K [0x0000000085a00000, 0x0000000100000000)
  region size 1024K, 2 young (2048K), 2 survivors (2048K)
 Metaspace       used 41401K, committed 41984K, reserved 1114112K
  class space    used 5552K, committed 5824K, reserved 1048576K
}
Event: 5.497 GC heap before
{Heap before GC invocations=10 (full 0):
 garbage-first heap   total reserved 2004992K, committed 60416K, used 51032K [0x0000000085a00000, 0x0000000100000000)
  region size 1024K, 29 young (29696K), 2 survivors (2048K)
 Metaspace       used 48300K, committed 48832K, reserved 1114112K
  class space    used 6482K, committed 6720K, reserved 1048576K
}
Event: 5.502 GC heap after
{Heap after GC invocations=11 (full 0):
 garbage-first heap   total reserved 2004992K, committed 60416K, used 25981K [0x0000000085a00000, 0x0000000100000000)
  region size 1024K, 4 young (4096K), 4 survivors (4096K)
 Metaspace       used 48300K, committed 48832K, reserved 1114112K
  class space    used 6482K, committed 6720K, reserved 1048576K
}
Event: 6.012 GC heap before
{Heap before GC invocations=11 (full 0):
 garbage-first heap   total reserved 2004992K, committed 60416K, used 50557K [0x0000000085a00000, 0x0000000100000000)
  region size 1024K, 29 young (29696K), 4 survivors (4096K)
 Metaspace       used 54382K, committed 54976K, reserved 1114112K
  class space    used 7364K, committed 7616K, reserved 1048576K
}
Event: 6.016 GC heap after
{Heap after GC invocations=12 (full 0):
 garbage-first heap   total reserved 2004992K, committed 60416K, used 27008K [0x0000000085a00000, 0x0000000100000000)
  region size 1024K, 3 young (3072K), 3 survivors (3072K)
 Metaspace       used 54382K, committed 54976K, reserved 1114112K
  class space    used 7364K, committed 7616K, reserved 1048576K
}
Event: 6.452 GC heap before
{Heap before GC invocations=12 (full 0):
 garbage-first heap   total reserved 2004992K, committed 60416K, used 50560K [0x0000000085a00000, 0x0000000100000000)
  region size 1024K, 28 young (28672K), 3 survivors (3072K)
 Metaspace       used 59972K, committed 60608K, reserved 1114112K
  class space    used 8230K, committed 8512K, reserved 1048576K
}
Event: 6.456 GC heap after
{Heap after GC invocations=13 (full 0):
 garbage-first heap   total reserved 2004992K, committed 60416K, used 28188K [0x0000000085a00000, 0x0000000100000000)
  region size 1024K, 3 young (3072K), 3 survivors (3072K)
 Metaspace       used 59972K, committed 60608K, reserved 1114112K
  class space    used 8230K, committed 8512K, reserved 1048576K
}
Event: 6.934 GC heap before
{Heap before GC invocations=14 (full 0):
 garbage-first heap   total reserved 2004992K, committed 60416K, used 50716K [0x0000000085a00000, 0x0000000100000000)
  region size 1024K, 26 young (26624K), 3 survivors (3072K)
 Metaspace       used 63520K, committed 64192K, reserved 1114112K
  class space    used 8829K, committed 9088K, reserved 1048576K
}
Event: 6.938 GC heap after
{Heap after GC invocations=15 (full 0):
 garbage-first heap   total reserved 2004992K, committed 60416K, used 30138K [0x0000000085a00000, 0x0000000100000000)
  region size 1024K, 3 young (3072K), 3 survivors (3072K)
 Metaspace       used 63520K, committed 64192K, reserved 1114112K
  class space    used 8829K, committed 9088K, reserved 1048576K
}

Dll operation events (14 events):
Event: 0.011 Loaded shared library C:\Users\FUTURE LAPTOP\.jdks\openjdk-22.0.1\bin\java.dll
Event: 0.012 Loaded shared library C:\Users\FUTURE LAPTOP\.jdks\openjdk-22.0.1\bin\zip.dll
Event: 0.040 Loaded shared library C:\Users\FUTURE LAPTOP\.jdks\openjdk-22.0.1\bin\jsvml.dll
Event: 0.189 Loaded shared library C:\Users\FUTURE LAPTOP\.jdks\openjdk-22.0.1\bin\instrument.dll
Event: 0.222 Loaded shared library C:\Users\FUTURE LAPTOP\.jdks\openjdk-22.0.1\bin\net.dll
Event: 0.223 Loaded shared library C:\Users\FUTURE LAPTOP\.jdks\openjdk-22.0.1\bin\nio.dll
Event: 0.231 Loaded shared library C:\Users\FUTURE LAPTOP\.jdks\openjdk-22.0.1\bin\zip.dll
Event: 0.432 Loaded shared library C:\Users\FUTURE LAPTOP\.jdks\openjdk-22.0.1\bin\verify.dll
Event: 0.440 Loaded shared library C:\Users\FUTURE LAPTOP\.jdks\openjdk-22.0.1\bin\jimage.dll
Event: 1.312 Loaded shared library C:\Users\FUTURE LAPTOP\.jdks\openjdk-22.0.1\bin\le.dll
Event: 2.402 Loaded shared library C:\Users\FUTURE LAPTOP\.jdks\openjdk-22.0.1\bin\sunmscapi.dll
Event: 3.935 Loaded shared library C:\Users\FUTURE LAPTOP\.jdks\openjdk-22.0.1\bin\management.dll
Event: 3.937 Loaded shared library C:\Users\FUTURE LAPTOP\.jdks\openjdk-22.0.1\bin\management_ext.dll
Event: 5.056 Loaded shared library C:\Users\FUTURE LAPTOP\.jdks\openjdk-22.0.1\bin\extnet.dll

Deoptimization events (20 events):
Event: 7.006 Thread 0x00000291a9ec2a30 DEOPT PACKING pc=0x00000291bc1be050 sp=0x000000e1000fb580
Event: 7.006 Thread 0x00000291a9ec2a30 DEOPT UNPACKING pc=0x00000291bb994e42 sp=0x000000e1000fa978 mode 1
Event: 7.006 Thread 0x00000291a9ec2a30 DEOPT PACKING pc=0x00000291b449bae4 sp=0x000000e1000fb5c0
Event: 7.006 Thread 0x00000291a9ec2a30 DEOPT UNPACKING pc=0x00000291bb994e42 sp=0x000000e1000faab0 mode 1
Event: 7.006 Thread 0x00000291a9ec2a30 DEOPT PACKING pc=0x00000291bc1be050 sp=0x000000e1000fb580
Event: 7.006 Thread 0x00000291a9ec2a30 DEOPT UNPACKING pc=0x00000291bb994e42 sp=0x000000e1000fa978 mode 1
Event: 7.006 Thread 0x00000291a9ec2a30 DEOPT PACKING pc=0x00000291b449bae4 sp=0x000000e1000fb5c0
Event: 7.007 Thread 0x00000291a9ec2a30 DEOPT UNPACKING pc=0x00000291bb994e42 sp=0x000000e1000faab0 mode 1
Event: 7.018 Thread 0x00000291a9ec2a30 DEOPT PACKING pc=0x00000291b4b5049c sp=0x000000e1000fc830
Event: 7.018 Thread 0x00000291a9ec2a30 DEOPT UNPACKING pc=0x00000291bb994e42 sp=0x000000e1000fbcf0 mode 1
Event: 7.019 Thread 0x00000291a9ec2a30 DEOPT PACKING pc=0x00000291b4b52e6c sp=0x000000e1000fc990
Event: 7.019 Thread 0x00000291a9ec2a30 DEOPT UNPACKING pc=0x00000291bb994e42 sp=0x000000e1000fbe80 mode 1
Event: 7.078 Thread 0x00000291a9ec2a30 DEOPT PACKING pc=0x00000291b4b5049c sp=0x000000e1000fc880
Event: 7.078 Thread 0x00000291a9ec2a30 DEOPT UNPACKING pc=0x00000291bb994e42 sp=0x000000e1000fbd40 mode 1
Event: 7.078 Thread 0x00000291a9ec2a30 DEOPT PACKING pc=0x00000291b4b52e6c sp=0x000000e1000fc9e0
Event: 7.078 Thread 0x00000291a9ec2a30 DEOPT UNPACKING pc=0x00000291bb994e42 sp=0x000000e1000fbed0 mode 1
Event: 7.118 Thread 0x00000291a9ec2a30 Uncommon trap: trap_request=0xffffff45 fr.pc=0x00000291bbf642a0 relative=0x0000000000000660
Event: 7.118 Thread 0x00000291a9ec2a30 Uncommon trap: reason=unstable_if action=reinterpret pc=0x00000291bbf642a0 method=sun.reflect.annotation.AnnotationInvocationHandler.invoke(Ljava/lang/Object;Ljava/lang/reflect/Method;[Ljava/lang/Object;)Ljava/lang/Object; @ 15 c2
Event: 7.118 Thread 0x00000291a9ec2a30 DEOPT PACKING pc=0x00000291bbf642a0 sp=0x000000e1000fbdf0
Event: 7.119 Thread 0x00000291a9ec2a30 DEOPT UNPACKING pc=0x00000291bb9946a2 sp=0x000000e1000fbdd8 mode 2

Classes loaded (20 events):
Event: 7.160 Loading class software/amazon/awssdk/services/s3/endpoints/internal/Parameters
Event: 7.160 Loading class software/amazon/awssdk/services/s3/endpoints/internal/Parameters done
Event: 7.161 Loading class software/amazon/awssdk/services/s3/endpoints/internal/Parameters$Builder
Event: 7.161 Loading class software/amazon/awssdk/services/s3/endpoints/internal/Parameters$Builder done
Event: 7.161 Loading class software/amazon/awssdk/services/s3/endpoints/internal/Parameter
Event: 7.161 Loading class software/amazon/awssdk/services/s3/endpoints/internal/Parameter done
Event: 7.161 Loading class software/amazon/awssdk/services/s3/endpoints/internal/ToParameterReference
Event: 7.161 Loading class software/amazon/awssdk/services/s3/endpoints/internal/ToParameterReference done
Event: 7.162 Loading class software/amazon/awssdk/services/s3/endpoints/internal/Ref
Event: 7.162 Loading class software/amazon/awssdk/services/s3/endpoints/internal/Ref done
Event: 7.162 Loading class software/amazon/awssdk/services/s3/endpoints/internal/Parameter$Builder
Event: 7.162 Loading class software/amazon/awssdk/services/s3/endpoints/internal/Parameter$Builder done
Event: 7.162 Loading class software/amazon/awssdk/services/s3/endpoints/internal/Identifier
Event: 7.162 Loading class software/amazon/awssdk/services/s3/endpoints/internal/Identifier done
Event: 7.163 Loading class software/amazon/awssdk/services/s3/endpoints/internal/ParameterType
Event: 7.163 Loading class software/amazon/awssdk/services/s3/endpoints/internal/ParameterType done
Event: 7.163 Loading class software/amazon/awssdk/services/s3/endpoints/internal/Value$Array
Event: 7.163 Loading class software/amazon/awssdk/services/s3/endpoints/internal/Value$Array done
Event: 7.163 Loading class software/amazon/awssdk/services/s3/endpoints/internal/Value$Int
Event: 7.163 Loading class software/amazon/awssdk/services/s3/endpoints/internal/Value$Int done

Classes unloaded (0 events):
No events

Classes redefined (0 events):
No events

Internal exceptions (20 events):
Event: 6.397 Thread 0x00000291a9ec2a30 Exception <a 'java/lang/NoSuchMethodError'{0x0000000087ec6378}: 'void java.lang.invoke.DirectMethodHandle$Holder.invokeSpecial(java.lang.Object, java.lang.Object, java.lang.Object, java.lang.Object, java.lang.Object, java.lang.Object, java.lang.Object, java.lang.Object)'> (0x0000000087ec6378) 
thrown [s\open\src\hotspot\share\interpreter\linkResolver.cpp, line 774]
Event: 6.402 Thread 0x00000291a9ec2a30 Exception <a 'java/lang/NoSuchMethodError'{0x0000000087d07ed8}: 'void java.lang.invoke.DirectMethodHandle$Holder.invokeSpecial(java.lang.Object, java.lang.Object, int, java.lang.Object)'> (0x0000000087d07ed8) 
thrown [s\open\src\hotspot\share\interpreter\linkResolver.cpp, line 774]
Event: 6.403 Thread 0x00000291a9ec2a30 Exception <a 'java/lang/NoSuchMethodError'{0x0000000087d0e250}: 'java.lang.Object java.lang.invoke.DirectMethodHandle$Holder.newInvokeSpecial(java.lang.Object, java.lang.Object, int)'> (0x0000000087d0e250) 
thrown [s\open\src\hotspot\share\interpreter\linkResolver.cpp, line 774]
Event: 6.403 Thread 0x00000291a9ec2a30 Exception <a 'java/lang/IncompatibleClassChangeError'{0x0000000087d11ad0}: Found class java.lang.Object, but interface was expected> (0x0000000087d11ad0) 
thrown [s\open\src\hotspot\share\interpreter\linkResolver.cpp, line 841]
Event: 6.427 Thread 0x00000291a9ec2a30 Exception <a 'java/lang/NoSuchMethodError'{0x0000000087cc0840}: 'int java.lang.invoke.DirectMethodHandle$Holder.invokeStatic(java.lang.Object, int, java.lang.Object)'> (0x0000000087cc0840) 
thrown [s\open\src\hotspot\share\interpreter\linkResolver.cpp, line 774]
Event: 6.429 Thread 0x00000291a9ec2a30 Exception <a 'java/lang/NoSuchMethodError'{0x0000000087cdd0f8}: 'java.lang.Object java.lang.invoke.DirectMethodHandle$Holder.newInvokeSpecial(java.lang.Object, java.lang.Object, java.lang.Object, java.lang.Object, java.lang.Object, int, java.lang.Object)'> (0x0000000087cdd0f8) 
thrown [s\open\src\hotspot\share\interpreter\linkResolver.cpp, line 774]
Event: 6.433 Thread 0x00000291a9ec2a30 Exception <a 'java/lang/NoSuchMethodError'{0x0000000087b14770}: 'java.lang.Object java.lang.invoke.Invokers$Holder.linkToTargetMethod(java.lang.Object, java.lang.Object, java.lang.Object, java.lang.Object, java.lang.Object, java.lang.Object, java.lang.Object, java.lang.Object, java.lang.Object, java.lang.Object, java.lang.Object, java.lang.Object)'> (0x0000000087b14770) 
thrown [s\open\src\hotspot\share\interpreter\linkResolver.cpp, line 774]
Event: 6.475 Thread 0x00000291a9ec2a30 Exception <a 'java/lang/IncompatibleClassChangeError'{0x000000008d588528}: Found class java.lang.Object, but interface was expected> (0x000000008d588528) 
thrown [s\open\src\hotspot\share\interpreter\linkResolver.cpp, line 841]
Event: 6.492 Thread 0x00000291a9ec2a30 Exception <a 'java/lang/NoSuchMethodError'{0x000000008a322988}: 'java.lang.Object java.lang.invoke.DirectMethodHandle$Holder.newInvokeSpecial(java.lang.Object, java.lang.Object, java.lang.Object, java.lang.Object, java.lang.Object, java.lang.Object, java.lang.Object, int)'> (0x000000008a322988) 
thrown [s\open\src\hotspot\share\interpreter\linkResolver.cpp, line 774]
Event: 6.493 Thread 0x00000291a9ec2a30 Exception <a 'java/lang/NoSuchMethodError'{0x000000008a326f18}: 'java.lang.Object java.lang.invoke.DirectMethodHandle$Holder.invokeSpecial(java.lang.Object, java.lang.Object, java.lang.Object, java.lang.Object, java.lang.Object, java.lang.Object, java.lang.Object, java.lang.Object, int)'> (0x000000008a326f18) 
thrown [s\open\src\hotspot\share\interpreter\linkResolver.cpp, line 774]
Event: 6.493 Thread 0x00000291a9ec2a30 Exception <a 'java/lang/NoSuchMethodError'{0x000000008a32af30}: 'java.lang.Object java.lang.invoke.Invokers$Holder.linkToTargetMethod(java.lang.Object, java.lang.Object, java.lang.Object, java.lang.Object, java.lang.Object, java.lang.Object, int, java.lang.Object)'> (0x000000008a32af30) 
thrown [s\open\src\hotspot\share\interpreter\linkResolver.cpp, line 774]
Event: 6.512 Thread 0x00000291a9ec2a30 Exception <a 'java/lang/NoSuchMethodError'{0x000000008a231a00}: 'java.lang.Object java.lang.invoke.DirectMethodHandle$Holder.newInvokeSpecial(java.lang.Object, java.lang.Object, int, java.lang.Object, int, java.lang.Object, java.lang.Object)'> (0x000000008a231a00) 
thrown [s\open\src\hotspot\share\interpreter\linkResolver.cpp, line 774]
Event: 6.655 Thread 0x00000291a9ec2a30 Exception <a 'java/lang/NoSuchMethodError'{0x0000000088a20ec8}: 'java.lang.Object java.lang.invoke.DirectMethodHandle$Holder.invokeSpecial(java.lang.Object, java.lang.Object, int, java.lang.Object, int)'> (0x0000000088a20ec8) 
thrown [s\open\src\hotspot\share\interpreter\linkResolver.cpp, line 774]
Event: 6.729 Thread 0x00000291a9ec2a30 Implicit null exception at 0x00000291bc1f737a to 0x00000291bc1f7630
Event: 6.770 Thread 0x00000291a9ec2a30 Implicit null exception at 0x00000291bbf394b2 to 0x00000291bbf3b61c
Event: 6.780 Thread 0x00000291a9ec2a30 Exception <a 'java/lang/IncompatibleClassChangeError'{0x0000000088333938}: Found class java.lang.Object, but interface was expected> (0x0000000088333938) 
thrown [s\open\src\hotspot\share\interpreter\linkResolver.cpp, line 841]
Event: 6.820 Thread 0x00000291a9ec2a30 Exception <a 'java/lang/IncompatibleClassChangeError'{0x0000000088163e88}: Found class java.lang.Object, but interface was expected> (0x0000000088163e88) 
thrown [s\open\src\hotspot\share\interpreter\linkResolver.cpp, line 841]
Event: 6.902 Thread 0x00000291a9ec2a30 Exception <a 'java/lang/IncompatibleClassChangeError'{0x0000000087da7150}: Found class java.lang.Object, but interface was expected> (0x0000000087da7150) 
thrown [s\open\src\hotspot\share\interpreter\linkResolver.cpp, line 841]
Event: 6.953 Thread 0x00000291a9ec2a30 Exception <a 'java/lang/IncompatibleClassChangeError'{0x000000008d56bd08}: Found class java.lang.Object, but interface was expected> (0x000000008d56bd08) 
thrown [s\open\src\hotspot\share\interpreter\linkResolver.cpp, line 841]
Event: 7.045 Thread 0x00000291a9ec2a30 Exception <a 'java/lang/IncompatibleClassChangeError'{0x000000008a0b4f38}: Found class java.lang.Object, but interface was expected> (0x000000008a0b4f38) 
thrown [s\open\src\hotspot\share\interpreter\linkResolver.cpp, line 841]

ZGC Phase Switch (0 events):
No events

VM Operations (20 events):
Event: 6.138 Executing VM operation: HandshakeAllThreads (Deoptimize)
Event: 6.138 Executing VM operation: HandshakeAllThreads (Deoptimize) done
Event: 6.452 Executing VM operation: CollectForMetadataAllocation (Metadata GC Threshold)
Event: 6.456 Executing VM operation: CollectForMetadataAllocation (Metadata GC Threshold) done
Event: 6.477 Executing VM operation: G1PauseRemark
Event: 6.480 Executing VM operation: G1PauseRemark done
Event: 6.491 Executing VM operation: G1PauseCleanup
Event: 6.491 Executing VM operation: G1PauseCleanup done
Event: 6.698 Executing VM operation: ChangeBreakpoints
Event: 6.699 Executing VM operation: ChangeBreakpoints done
Event: 6.710 Executing VM operation: ChangeBreakpoints
Event: 6.711 Executing VM operation: ChangeBreakpoints done
Event: 6.712 Executing VM operation: ChangeBreakpoints
Event: 6.714 Executing VM operation: ChangeBreakpoints done
Event: 6.913 Executing VM operation: HandshakeAllThreads (Deoptimize)
Event: 6.913 Executing VM operation: HandshakeAllThreads (Deoptimize) done
Event: 6.913 Executing VM operation: HandshakeAllThreads (Deoptimize)
Event: 6.913 Executing VM operation: HandshakeAllThreads (Deoptimize) done
Event: 6.934 Executing VM operation: G1CollectForAllocation (G1 Evacuation Pause)
Event: 6.938 Executing VM operation: G1CollectForAllocation (G1 Evacuation Pause) done

Events (20 events):
Event: 6.480 Thread 0x00000291c87d74c0 flushing nmethod 0x00000291b4b82310
Event: 6.480 Thread 0x00000291c87d74c0 flushing nmethod 0x00000291b4508b10
Event: 6.480 Thread 0x00000291c87d74c0 flushing nmethod 0x00000291b450e810
Event: 6.480 Thread 0x00000291c87d74c0 flushing nmethod 0x00000291b45ed090
Event: 6.480 Thread 0x00000291c87d74c0 flushing nmethod 0x00000291b45f5610
Event: 6.480 Thread 0x00000291c87d74c0 flushing nmethod 0x00000291b480c710
Event: 6.480 Thread 0x00000291c87d74c0 flushing nmethod 0x00000291b489da10
Event: 6.480 Thread 0x00000291c87d74c0 flushing nmethod 0x00000291b489f710
Event: 6.480 Thread 0x00000291c87d74c0 flushing nmethod 0x00000291b4947810
Event: 6.480 Thread 0x00000291c87d74c0 flushing nmethod 0x00000291b498cc10
Event: 6.480 Thread 0x00000291c87d74c0 flushing nmethod 0x00000291b4a7d090
Event: 6.480 Thread 0x00000291c87d74c0 flushing nmethod 0x00000291b4a80290
Event: 6.480 Thread 0x00000291c87d74c0 flushing nmethod 0x00000291b4a82390
Event: 6.480 Thread 0x00000291c87d74c0 flushing nmethod 0x00000291b4a83290
Event: 6.480 Thread 0x00000291c87d74c0 flushing nmethod 0x00000291b4aaa590
Event: 6.480 Thread 0x00000291c87d74c0 flushing nmethod 0x00000291b4aaa910
Event: 6.480 Thread 0x00000291c87d74c0 flushing nmethod 0x00000291b4b95d90
Event: 6.480 Thread 0x00000291c87d74c0 flushing nmethod 0x00000291b4bd5590
Event: 6.480 Thread 0x00000291c87d74c0 flushing nmethod 0x00000291b4bfbb90
Event: 6.480 Thread 0x00000291c87d74c0 flushing nmethod 0x00000291b4bfd010


Dynamic libraries:
0x00007ff693550000 - 0x00007ff69355e000 	C:\Users\FUTURE LAPTOP\.jdks\openjdk-22.0.1\bin\java.exe
0x00007ffb1cf30000 - 0x00007ffb1d128000 	C:\Windows\SYSTEM32\ntdll.dll
0x00007ffb1b510000 - 0x00007ffb1b5d2000 	C:\Windows\System32\KERNEL32.DLL
0x00007ffb1a9c0000 - 0x00007ffb1acb6000 	C:\Windows\System32\KERNELBASE.dll
0x00007ffb1a760000 - 0x00007ffb1a860000 	C:\Windows\System32\ucrtbase.dll
0x00007ffb09580000 - 0x00007ffb09597000 	C:\Users\FUTURE LAPTOP\.jdks\openjdk-22.0.1\bin\jli.dll
0x00007ffb08350000 - 0x00007ffb0836b000 	C:\Users\FUTURE LAPTOP\.jdks\openjdk-22.0.1\bin\VCRUNTIME140.dll
0x00007ffb1c530000 - 0x00007ffb1c6d1000 	C:\Windows\System32\USER32.dll
0x00007ffb1ad90000 - 0x00007ffb1adb2000 	C:\Windows\System32\win32u.dll
0x00007ffb00f40000 - 0x00007ffb011db000 	C:\Windows\WinSxS\amd64_microsoft.windows.common-controls_6595b64144ccf1df_6.0.19041.6456_none_60b8a6cb71f64256\COMCTL32.dll
0x00007ffb1c500000 - 0x00007ffb1c52b000 	C:\Windows\System32\GDI32.dll
0x00007ffb1bd00000 - 0x00007ffb1bd9e000 	C:\Windows\System32\msvcrt.dll
0x00007ffb1a5c0000 - 0x00007ffb1a6d9000 	C:\Windows\System32\gdi32full.dll
0x00007ffb1acf0000 - 0x00007ffb1ad8d000 	C:\Windows\System32\msvcp_win.dll
0x00007ffb1cec0000 - 0x00007ffb1ceef000 	C:\Windows\System32\IMM32.DLL
0x00007ffb09560000 - 0x00007ffb0956c000 	C:\Users\FUTURE LAPTOP\.jdks\openjdk-22.0.1\bin\vcruntime140_1.dll
0x00007ffad5fe0000 - 0x00007ffad606e000 	C:\Users\FUTURE LAPTOP\.jdks\openjdk-22.0.1\bin\msvcp140.dll
0x00007ffa8b600000 - 0x00007ffa8c347000 	C:\Users\FUTURE LAPTOP\.jdks\openjdk-22.0.1\bin\server\jvm.dll
0x00007ffb1b200000 - 0x00007ffb1b2b1000 	C:\Windows\System32\ADVAPI32.dll
0x00007ffb1b050000 - 0x00007ffb1b0ef000 	C:\Windows\System32\sechost.dll
0x00007ffb1b2d0000 - 0x00007ffb1b3f0000 	C:\Windows\System32\RPCRT4.dll
0x00007ffb1acc0000 - 0x00007ffb1ace7000 	C:\Windows\System32\bcrypt.dll
0x00007ffb1c6e0000 - 0x00007ffb1c74b000 	C:\Windows\System32\WS2_32.dll
0x00007ffb1a130000 - 0x00007ffb1a17b000 	C:\Windows\SYSTEM32\POWRPROF.dll
0x00007ffb011f0000 - 0x00007ffb01217000 	C:\Windows\SYSTEM32\WINMM.dll
0x00007ffb12000000 - 0x00007ffb1200a000 	C:\Windows\SYSTEM32\VERSION.dll
0x00007ffb1a110000 - 0x00007ffb1a122000 	C:\Windows\SYSTEM32\UMPDC.dll
0x00007ffb18d90000 - 0x00007ffb18da2000 	C:\Windows\SYSTEM32\kernel.appcore.dll
0x00007ffb08310000 - 0x00007ffb0831a000 	C:\Users\FUTURE LAPTOP\.jdks\openjdk-22.0.1\bin\jimage.dll
0x00007ffb18140000 - 0x00007ffb18341000 	C:\Windows\SYSTEM32\DBGHELP.DLL
0x00007ffaf1240000 - 0x00007ffaf1274000 	C:\Windows\SYSTEM32\dbgcore.DLL
0x00007ffb1ae70000 - 0x00007ffb1aef2000 	C:\Windows\System32\bcryptPrimitives.dll
0x00007ffb089a0000 - 0x00007ffb089dc000 	C:\Users\FUTURE LAPTOP\.jdks\openjdk-22.0.1\bin\jdwp.dll
0x00007ffb12f50000 - 0x00007ffb12f5f000 	C:\Users\FUTURE LAPTOP\.jdks\openjdk-22.0.1\bin\instrument.dll
0x00007ffb04fb0000 - 0x00007ffb04fce000 	C:\Users\FUTURE LAPTOP\.jdks\openjdk-22.0.1\bin\java.dll
0x00007ffb1c750000 - 0x00007ffb1cec0000 	C:\Windows\System32\SHELL32.dll
0x00007ffb1c3d0000 - 0x00007ffb1c4fb000 	C:\Windows\System32\ole32.dll
0x00007ffb1bda0000 - 0x00007ffb1c0f4000 	C:\Windows\System32\combase.dll
0x00007ffb047a0000 - 0x00007ffb047b7000 	C:\Users\FUTURE LAPTOP\.jdks\openjdk-22.0.1\bin\zip.dll
0x00007ffb185d0000 - 0x00007ffb18d75000 	C:\Windows\SYSTEM32\windows.storage.dll
0x00007ffb19e30000 - 0x00007ffb19e5b000 	C:\Windows\SYSTEM32\Wldp.dll
0x00007ffb1bc30000 - 0x00007ffb1bcfd000 	C:\Windows\System32\OLEAUT32.dll
0x00007ffb1bab0000 - 0x00007ffb1bb5d000 	C:\Windows\System32\SHCORE.dll
0x00007ffb1c370000 - 0x00007ffb1c3cb000 	C:\Windows\System32\shlwapi.dll
0x00007ffb1a4f0000 - 0x00007ffb1a514000 	C:\Windows\SYSTEM32\profapi.dll
0x00007ffad5b80000 - 0x00007ffad5c57000 	C:\Users\FUTURE LAPTOP\.jdks\openjdk-22.0.1\bin\jsvml.dll
0x00007ffb12f40000 - 0x00007ffb12f4c000 	C:\Users\FUTURE LAPTOP\.jdks\openjdk-22.0.1\bin\dt_socket.dll
0x00007ffb19910000 - 0x00007ffb1994b000 	C:\Windows\SYSTEM32\IPHLPAPI.DLL
0x00007ffb19c10000 - 0x00007ffb19c7a000 	C:\Windows\system32\mswsock.dll
0x00007ffb04fa0000 - 0x00007ffb04fb0000 	C:\Users\FUTURE LAPTOP\.jdks\openjdk-22.0.1\bin\net.dll
0x00007ffb04f80000 - 0x00007ffb04f96000 	C:\Users\FUTURE LAPTOP\.jdks\openjdk-22.0.1\bin\nio.dll
0x00007ffb09f10000 - 0x00007ffb09f20000 	C:\Users\FUTURE LAPTOP\.jdks\openjdk-22.0.1\bin\verify.dll
0x00007ffb08990000 - 0x00007ffb0899b000 	C:\Users\FUTURE LAPTOP\.jdks\openjdk-22.0.1\bin\le.dll
0x00007ffb09570000 - 0x00007ffb0957e000 	C:\Users\FUTURE LAPTOP\.jdks\openjdk-22.0.1\bin\sunmscapi.dll
0x00007ffb1a860000 - 0x00007ffb1a9bd000 	C:\Windows\System32\CRYPT32.dll
0x00007ffb19ff0000 - 0x00007ffb1a017000 	C:\Windows\SYSTEM32\ncrypt.dll
0x00007ffb19fb0000 - 0x00007ffb19feb000 	C:\Windows\SYSTEM32\NTASN1.dll
0x00007ffb19e70000 - 0x00007ffb19e88000 	C:\Windows\SYSTEM32\CRYPTSP.dll
0x00007ffb19550000 - 0x00007ffb19588000 	C:\Windows\system32\rsaenh.dll
0x00007ffb1a470000 - 0x00007ffb1a49e000 	C:\Windows\SYSTEM32\USERENV.dll
0x00007ffb19da0000 - 0x00007ffb19dac000 	C:\Windows\SYSTEM32\CRYPTBASE.dll
0x00007ffb1b2c0000 - 0x00007ffb1b2c8000 	C:\Windows\System32\NSI.dll
0x00007ffb095b0000 - 0x00007ffb095ba000 	C:\Users\FUTURE LAPTOP\.jdks\openjdk-22.0.1\bin\management.dll
0x00007ffb095a0000 - 0x00007ffb095ab000 	C:\Users\FUTURE LAPTOP\.jdks\openjdk-22.0.1\bin\management_ext.dll
0x00007ffb1c360000 - 0x00007ffb1c368000 	C:\Windows\System32\PSAPI.DLL
0x00007ffb19950000 - 0x00007ffb19a1a000 	C:\Windows\SYSTEM32\DNSAPI.dll
0x00007ffb11c10000 - 0x00007ffb11c1a000 	C:\Windows\System32\rasadhlp.dll
0x00007ffb103f0000 - 0x00007ffb10470000 	C:\Windows\System32\fwpuclnt.dll
0x00007ffb04120000 - 0x00007ffb04129000 	C:\Users\FUTURE LAPTOP\.jdks\openjdk-22.0.1\bin\extnet.dll

dbghelp: loaded successfully - version: 4.0.5 - missing functions: none
symbol engine: initialized successfully - sym options: 0x614 - pdb path: .;C:\Users\FUTURE LAPTOP\.jdks\openjdk-22.0.1\bin;C:\Windows\SYSTEM32;C:\Windows\WinSxS\amd64_microsoft.windows.common-controls_6595b64144ccf1df_6.0.19041.6456_none_60b8a6cb71f64256;C:\Users\FUTURE LAPTOP\.jdks\openjdk-22.0.1\bin\server

VM Arguments:
jvm_args: -agentlib:jdwp=transport=dt_socket,address=127.0.0.1:56567,suspend=y,server=n -javaagent:C:\Users\FUTURE~1\AppData\Local\Temp\captureAgent2273jars\debugger-agent.jar=file:/C:/Users/FUTURE~1/AppData/Local/Temp/capture.props -Dfile.encoding=UTF-8 -Dsun.stdout.encoding=UTF-8 -Dsun.stderr.encoding=UTF-8 
java_command: com.example.article_api.ArticleApiApplication
java_class_path (initial): D:\github\blogging-app\user-post-comments-system\target\classes;C:\Users\FUTURE LAPTOP\.m2\repository\org\springframework\boot\spring-boot-starter-data-jpa\3.5.7\spring-boot-starter-data-jpa-3.5.7.jar;C:\Users\FUTURE LAPTOP\.m2\repository\org\springframework\boot\spring-boot-starter\3.5.7\spring-boot-starter-3.5.7.jar;C:\Users\FUTURE LAPTOP\.m2\repository\org\springframework\boot\spring-boot\3.5.7\spring-boot-3.5.7.jar;C:\Users\FUTURE LAPTOP\.m2\repository\org\springframework\boot\spring-boot-autoconfigure\3.5.7\spring-boot-autoconfigure-3.5.7.jar;C:\Users\FUTURE LAPTOP\.m2\repository\org\springframework\boot\spring-boot-starter-logging\3.5.7\spring-boot-starter-logging-3.5.7.jar;C:\Users\FUTURE LAPTOP\.m2\repository\ch\qos\logback\logback-classic\1.5.20\logback-classic-1.5.20.jar;C:\Users\FUTURE LAPTOP\.m2\repository\ch\qos\logback\logback-core\1.5.20\logback-core-1.5.20.jar;C:\Users\FUTURE LAPTOP\.m2\repository\org\apache\logging\log4j\log4j-to-slf4j\2.24.3\log4j-to-slf4j-2.24.3.jar;C:\Users\FUTURE LAPTOP\.m2\repository\org\apache\logging\log4j\log4j-api\2.24.3\log4j-api-2.24.3.jar;C:\Users\FUTURE LAPTOP\.m2\repository\org\slf4j\jul-to-slf4j\2.0.17\jul-to-slf4j-2.0.17.jar;C:\Users\FUTURE LAPTOP\.m2\repository\jakarta\annotation\jakarta.annotation-api\2.1.1\jakarta.annotation-api-2.1.1.jar;C:\Users\FUTURE LAPTOP\.m2\repository\org\yaml\snakeyaml\2.4\snakeyaml-2.4.jar;C:\Users\FUTURE LAPTOP\.m2\repository\org\springframework\boot\spring-boot-starter-jdbc\3.5.7\spring-boot-starter-jdbc-3.5.7.jar;C:\Users\FUTURE LAPTOP\.m2\repository\com\zaxxer\HikariCP\6.3.3\HikariCP-6.3.3.jar;C:\Users\FUTURE LAPTOP\.m2\repository\org\springframework\spring-jdbc\6.2.12\spring-jdbc-6.2.12.jar;C:\Users\FUTURE LAPTOP\.m2\repository\org\hibernate\orm\hibernate-core\6.6.33.Final\hibernate-core-6.6.33.Final.jar;C:\Users\FUTURE LAPTOP\.m2\repository\jakarta\persistence\jakarta.persistence-api\3.1.0\jakarta.persistence-api-3.1.0.jar;C:\Users\FUTURE LAPTOP\.m2\repository\jakarta\transaction\jakarta.transaction-api\2.0.1\jakarta.transaction-api-2.0.1.jar;C:\Users\FUTURE LAPTOP\.m2\repository\org\jboss\logging\jboss-logging\3.6.1.Final\jboss-logging-3.6.1.Final.jar;C:\Users\FUTURE LAPTOP\.m2\repository\org\hibernate\common\hibernate-commons-annotations\7.0.3.Final\hibernate-commons-annotations-7.0.3.Final.jar;C:\Users\FUTURE LAPTOP\.m2\repository\io\smallrye\jandex\3.2.0\jandex-3.2.0.jar;C:\Users\FUTURE LAPTOP\.m2\repository\com\fasterxml\classmate\1.7.1\classmate-1.7.1.jar;C:\Users\FUTURE LAPTOP\.m2\repository\net\bytebuddy\byte-buddy\1.17.8\byte-buddy-1.17.8.jar;C:\Users\FUTURE LAPTOP\.m2\repository\org\glassfish\jaxb\jaxb-runtime\4.0.6\jaxb-runtime-4.0.6.jar;C:\Users\FUTURE LAPTOP\.m2\repository\org\glassfish\jaxb\jaxb-core\4.0.6\jaxb-core-4.0.6.jar;C:\Users\FUTURE LAPTOP\.m2\repository\org\eclipse\angus\angus-activation\2.0.3\angus-activation-2.0.3.jar;C:\Users\FUTURE LAPTOP\.m2\repository\org\glassfish\jaxb\txw2\4.0.6\txw2-4.0.6.jar;C:\Users\FUTURE LAPTOP\.m2\repository\com\sun\istack\istack-commons-runtime\4.1.2\istack-commons-runtime-4.1.2.jar;C:\Users\FUTURE LAPTOP\.m2\repository\jakarta\inject\jakarta.inject-api\2.0.1\jakarta.inject-api-2.0.1.jar;C:\Users\FUTURE LAPTOP\.m2\repository\org\antlr\antlr4-runtime\4.13.0\antlr4-runtime-4.13.0.jar;C:\Users\FUTURE LAPTOP\.m2\repository\org\springframework\data\spring-data-jpa\3.5.5\spring-data-jpa-3.5.5.jar;C:\Users\FUTURE LAPTOP\.m2\repository\org\springframework\data\spring-data-commons\3.5.5\spring-data-commons-3.5.5.jar;C:\Users\FUTURE LAPTOP\.m2\repository\org\springframework\spring-orm\6.2.12\spring-orm-6.2.12.jar;C:\Users\FUTURE LAPTOP\.m2\repository\org\springframework\spring-context\6.2.12\spring-context-6.2.12.jar;C:\Users\FUTURE LAPTOP\.m2\repository\org\springframework\spring-tx\6.2.12\spring-tx-6.2.12.jar;C:\Users\FUTURE LAPTOP\.m2\repository\org\springframework\spring-beans\6.2.12\spring-beans-6.2.12.jar;C:\Users\FUTURE LAPTOP\.m2\repository\org\slf4j\slf4j-api\2.0.17\slf4j-api-2.0.17.jar;C:\Users\FUTURE LAPTOP\.m2\repository\org\springframework\spring-aspects\6.2.12\spring-aspects-6.2.12.jar;C:\Users\FUTURE LAPTOP\.m2\repository\org\aspectj\aspectjweaver\1.9.24\aspectjweaver-1.9.24.jar;C:\Users\FUTURE LAPTOP\.m2\repository\org\springframework\boot\spring-boot-starter-web\3.5.7\spring-boot-starter-web-3.5.7.jar;C:\Users\FUTURE LAPTOP\.m2\repository\org\springframework\boot\spring-boot-starter-json\3.5.7\spring-boot-starter-json-3.5.7.jar;C:\Users\FUTURE LAPTOP\.m2\repository\com\fasterxml\jackson\datatype\jackson-datatype-jdk8\2.19.2\jackson-datatype-jdk8-2.19.2.jar;C:\Users\FUTURE LAPTOP\.m2\repository\com\fasterxml\jackson\datatype\jackson-datatype-jsr310\2.19.2\jackson-datatype-jsr310-2.19.2.jar;C:\Users\FUTURE LAPTOP\.m2\repository\com\fasterxml\jackson\module\jackson-module-parameter-names\2.19.2\jackson-module-parameter-names-2.19.2.jar;C:\Users\FUTURE LAPTOP\.m2\repository\org\springframework\boot\spring-boot-starter-tomcat\3.5.7\spring-boot-starter-tomcat-3.5.7.jar;C:\Users\FUTURE LAPTOP\.m2\repository\org\apache\tomcat\embed\tomcat-embed-core\10.1.48\tomcat-embed-core-10.1.48.jar;C:\Users\FUTURE LAPTOP\.m2\repository\org\apache\tomcat\embed\tomcat-embed-websocket\10.1.48\tomcat-embed-websocket-10.1.48.jar;C:\Users\FUTURE LAPTOP\.m2\repository\org\springframework\spring-web\6.2.12\spring-web-6.2.12.jar;C:\Users\FUTURE LAPTOP\.m2\repository\io\micrometer\micrometer-observation\1.15.5\micrometer-observation-1.15.5.jar;C:\Users\FUTURE LAPTOP\.m2\repository\io\micrometer\micrometer-commons\1.15.5\micrometer-commons-1.15.5.jar;C:\Users\FUTURE LAPTOP\.m2\repository\org\springframework\spring-webmvc\6.2.12\spring-webmvc-6.2.12.jar;C:\Users\FUTURE LAPTOP\.m2\repository\org\springframework\spring-expression\6.2.12\spring-expression-6.2.12.jar;C:\Users\FUTURE LAPTOP\.m2\repository\org\springframework\boot\spring-boot-starter-security\3.5.7\spring-boot-starter-security-3.5.7.jar;C:\Users\FUTURE LAPTOP\.m2\repository\org\springframework\spring-aop\6.2.12\spring-aop-6.2.12.jar;C:\Users\FUTURE LAPTOP\.m2\repository\org\springframework\security\spring-security-config\6.5.6\spring-security-config-6.5.6.jar;C:\Users\FUTURE LAPTOP\.m2\repository\org\springframework\security\spring-security-core\6.5.6\spring-security-core-6.5.6.jar;C:\Users\FUTURE LAPTOP\.m2\repository\org\springframework\security\spring-security-crypto\6.5.6\spring-security-crypto-6.5.6.jar;C:\Users\FUTURE LAPTOP\.m2\repository\org\springframework\security\spring-security-web\6.5.6\spring-security-web-6.5.6.jar;C:\Users\FUTURE LAPTOP\.m2\repository\io\jsonwebtoken\jjwt-api\0.11.5\jjwt-api-0.11.5.jar;C:\Users\FUTURE LAPTOP\.m2\repository\io\jsonwebtoken\jjwt-impl\0.11.5\jjwt-impl-0.11.5.jar;C:\Users\FUTURE LAPTOP\.m2\repository\io\jsonwebtoken\jjwt-jackson\0.11.5\jjwt-jackson-0.11.5.jar;C:\Users\FUTURE LAPTOP\.m2\repository\com\fasterxml\jackson\core\jackson-databind\2.19.2\jackson-databind-2.19.2.jar;C:\Users\FUTURE LAPTOP\.m2\repository\com\fasterxml\jackson\core\jackson-annotations\2.19.2\jackson-annotations-2.19.2.jar;C:\Users\FUTURE LAPTOP\.m2\repository\com\fasterxml\jackson\core\jackson-core\2.19.2\jackson-core-2.19.2.jar;C:\Users\FUTURE LAPTOP\.m2\repository\software\amazon\awssdk\s3\2.20.26\s3-2.20.26.jar;C:\Users\FUTURE LAPTOP\.m2\repository\software\amazon\awssdk\aws-xml-protocol\2.20.26\aws-xml-protocol-2.20.26.jar;C:\Users\FUTURE LAPTOP\.m2\repository\software\amazon\awssdk\aws-query-protocol\2.20.26\aws-query-protocol-2.20.26.jar;C:\Users\FUTURE LAPTOP\.m2\repository\software\amazon\awssdk\protocol-core\2.20.26\protocol-core-2.20.26.jar;C:\Users\FUTURE LAPTOP\.m2\repository\software\amazon\awssdk\arns\2.20.26\arns-2.20.26.jar;C:\Users\FUTURE LAPTOP\.m2\repository\software\amazon\awssdk\profiles\2.20.26\profiles-2.20.26.jar;C:\Users\FUTURE LAPTOP\.m2\repository\software\amazon\awssdk\sdk-core\2.20.26\sdk-core-2.20.26.jar;C:\Users\FUTURE LAPTOP\.m2\repository\org\reactivestreams\reactive-streams\1.0.4\reactive-streams-1.0.4.jar;C:\Users\FUTURE LAPTOP\.m2\repository\software\amazon\awssdk\auth\2.20.26\auth-2.20.26.jar;C:\Users\FUTURE LAPTOP\.m2\repository\software\amazon\eventstream\eventstream\1.0.1\eventstream-1.0.1.jar;C:\Users\FUTURE LAPTOP\.m2\repository\software\amazon\awssdk\http-client-spi\2.20.26\http-client-spi-2.20.26.jar;C:\Users\FUTURE LAPTOP\.m2\repository\software\amazon\awssdk\regions\2.20.26\regions-2.20.26.jar;C:\Users\FUTURE LAPTOP\.m2\repository\software\amazon\awssdk\annotations\2.20.26\annotations-2.20.26.jar;C:\Users\FUTURE LAPTOP\.m2\repository\software\amazon\awssdk\utils\2.20.26\utils-2.20.26.jar;C:\Users\FUTURE LAPTOP\.m2\repository\software\amazon\awssdk\aws-core\2.20.26\aws-core-2.20.26.jar;C:\Users\FUTURE LAPTOP\.m2\repository\software\amazon\awssdk\metrics-spi\2.20.26\metrics-spi-2.20.26.jar;C:\Users\FUTURE LAPTOP\.m2\repository\software\amazon\awssdk\json-utils\2.20.26\json-utils-2.20.26.jar;C:\Users\FUTURE LAPTOP\.m2\repository\software\amazon\awssdk\third-party-jackson-core\2.20.26\third-party-jackson-core-2.20.26.jar;C:\Users\FUTURE LAPTOP\.m2\repository\software\amazon\awssdk\endpoints-spi\2.20.26\endpoints-spi-2.20.26.jar;C:\Users\FUTURE LAPTOP\.m2\repository\software\amazon\awssdk\apache-client\2.20.26\apache-client-2.20.26.jar;C:\Users\FUTURE LAPTOP\.m2\repository\org\apache\httpcomponents\httpclient\4.5.13\httpclient-4.5.13.jar;C:\Users\FUTURE LAPTOP\.m2\repository\commons-logging\commons-logging\1.2\commons-logging-1.2.jar;C:\Users\FUTURE LAPTOP\.m2\repository\org\apache\httpcomponents\httpcore\4.4.16\httpcore-4.4.16.jar;C:\Users\FUTURE LAPTOP\.m2\repository\commons-codec\commons-codec\1.18.0\commons-codec-1.18.0.jar;C:\Users\FUTURE LAPTOP\.m2\repository\software\amazon\awssdk\netty-nio-client\2.20.26\netty-nio-client-2.20.26.jar;C:\Users\FUTURE LAPTOP\.m2\repository\io\netty\netty-codec-http\4.1.128.Final\netty-codec-http-4.1.128.Final.jar;C:\Users\FUTURE LAPTOP\.m2\repository\io\netty\netty-codec-http2\4.1.128.Final\netty-codec-http2-4.1.128.Final.jar;C:\Users\FUTURE LAPTOP\.m2\repository\io\netty\netty-codec\4.1.128.Final\netty-codec-4.1.128.Final.jar;C:\Users\FUTURE LAPTOP\.m2\repository\io\netty\netty-transport\4.1.128.Final\netty-transport-4.1.128.Final.jar;C:\Users\FUTURE LAPTOP\.m2\repository\io\netty\netty-resolver\4.1.128.Final\netty-resolver-4.1.128.Final.jar;C:\Users\FUTURE LAPTOP\.m2\repository\io\netty\netty-common\4.1.128.Final\netty-common-4.1.128.Final.jar;C:\Users\FUTURE LAPTOP\.m2\repository\io\netty\netty-buffer\4.1.128.Final\netty-buffer-4.1.128.Final.jar;C:\Users\FUTURE LAPTOP\.m2\repository\io\netty\netty-handler\4.1.128.Final\netty-handler-4.1.128.Final.jar;C:\Users\FUTURE LAPTOP\.m2\repository\io\netty\netty-transport-native-unix-common\4.1.128.Final\netty-transport-native-unix-common-4.1.128.Final.jar;C:\Users\FUTURE LAPTOP\.m2\repository\io\netty\netty-transport-classes-epoll\4.1.128.Final\netty-transport-classes-epoll-4.1.128.Final.jar;C:\Users\FUTURE LAPTOP\.m2\repository\org\apache\commons\commons-lang3\3.19.0\commons-lang3-3.19.0.jar;C:\Users\FUTURE LAPTOP\.m2\repository\org\postgresql\postgresql\42.7.8\postgresql-42.7.8.jar;C:\Users\FUTURE LAPTOP\.m2\repository\org\checkerframework\checker-qual\3.49.5\checker-qual-3.49.5.jar;C:\Users\FUTURE LAPTOP\.m2\repository\jakarta\xml\bind\jakarta.xml.bind-api\4.0.4\jakarta.xml.bind-api-4.0.4.jar;C:\Users\FUTURE LAPTOP\.m2\repository\jakarta\activation\jakarta.activation-api\2.1.4\jakarta.activation-api-2.1.4.jar;C:\Users\FUTURE LAPTOP\.m2\repository\org\springframework\spring-core\6.2.12\spring-core-6.2.12.jar;C:\Users\FUTURE LAPTOP\.m2\repository\org\springframework\spring-jcl\6.2.12\spring-jcl-6.2.12.jar;C:\Users\FUTURE LAPTOP\.m2\repository\org\springframework\boot\spring-boot-starter-validation\3.5.7\spring-boot-starter-validation-3.5.7.jar;C:\Users\FUTURE LAPTOP\.m2\repository\org\apache\tomcat\embed\tomcat-embed-el\10.1.48\tomcat-embed-el-10.1.48.jar;C:\Users\FUTURE LAPTOP\.m2\repository\org\hibernate\validator\hibernate-validator\8.0.3.Final\hibernate-validator-8.0.3.Final.jar;C:\Users\FUTURE LAPTOP\.m2\repository\jakarta\validation\jakarta.validation-api\3.0.2\jakarta.validation-api-3.0.2.jar;C:\Users\FUTURE LAPTOP\.m2\repository\org\projectlombok\lombok\1.18.42\lombok-1.18.42.jar;C:\Users\FUTURE LAPTOP\.m2\repository\org\jspecify\jspecify\1.0.0\jspecify-1.0.0.jar;C:\Program Files\JetBrains\IntelliJ IDEA Community Edition 2024.1.4\lib\idea_rt.jar
Launcher Type: SUN_STANDARD

[Global flags]
     intx CICompilerCount                          = 4                                         {product} {ergonomic}
     uint ConcGCThreads                            = 2                                         {product} {ergonomic}
     uint G1ConcRefinementThreads                  = 8                                         {product} {ergonomic}
   size_t G1HeapRegionSize                         = 1048576                                   {product} {ergonomic}
   size_t InitialHeapSize                          = 130023424                                 {product} {ergonomic}
   size_t MarkStackSize                            = 4194304                                   {product} {ergonomic}
   size_t MaxHeapSize                              = 2053111808                                {product} {ergonomic}
   size_t MaxNewSize                               = 1231028224                                {product} {ergonomic}
   size_t MinHeapDeltaBytes                        = 1048576                                   {product} {ergonomic}
   size_t MinHeapSize                              = 8388608                                   {product} {ergonomic}
    uintx NonNMethodCodeHeapSize                   = 5839372                                {pd product} {ergonomic}
    uintx NonProfiledCodeHeapSize                  = 122909434                              {pd product} {ergonomic}
    uintx ProfiledCodeHeapSize                     = 122909434                              {pd product} {ergonomic}
    uintx ReservedCodeCacheSize                    = 251658240                              {pd product} {ergonomic}
     bool SegmentedCodeCache                       = true                                      {product} {ergonomic}
   size_t SoftMaxHeapSize                          = 2053111808                             {manageable} {ergonomic}
     bool UseCompressedOops                        = true                           {product lp64_product} {ergonomic}
     bool UseG1GC                                  = true                                      {product} {ergonomic}
     bool UseLargePagesIndividualAllocation        = false                                  {pd product} {ergonomic}

Logging:
Log output configuration:
 #0: stdout all=warning uptime,level,tags foldmultilines=false
 #1: stderr all=off uptime,level,tags foldmultilines=false

Environment Variables:
PATH=C:\Program Files (x86)\Common Files\Intel\Shared Libraries\redist\intel64_win\compiler;C:\Program Files (x86)\NVIDIA Corporation\PhysX\Common;C:\Windows\system32;C:\Windows;C:\Windows\System32\Wbem;C:\Windows\System32\WindowsPowerShell\v1.0\;C:\Windows\System32\OpenSSH\;C:\Program Files\Git\cmd;C:\Program Files\nodejs\;C:\ProgramData\chocolatey\bin;C:\Program Files\Docker\Docker\resources\bin;C:\Program Files\Microsoft SQL Server\130\Tools\Binn\;C:\Program Files\CMake\bin;C:\Users\FUTURE LAPTOP\.cargo\bin;C:\Users\FUTURE LAPTOP\AppData\Local\Programs\Python\Python311\Scripts\;C:\Users\FUTURE LAPTOP\AppData\Local\Programs\Python\Python311\;C:\Users\FUTURE LAPTOP\AppData\Local\Microsoft\WindowsApps;C:\Program Files\JetBrains\IntelliJ IDEA Community Edition 2024.1.4\bin;;C:\Users\FUTURE LAPTOP\AppData\Roaming\npm;C:\Users\FUTURE LAPTOP\AppData\Local\Programs\Microsoft VS Code\bin;;C:\Users\FUTURE LAPTOP\AppData\Local\JetBrains\PyCharm 2025.1.3\bin;
USERNAME=FUTURE LAPTOP
OS=Windows_NT
PROCESSOR_IDENTIFIER=Intel64 Family 6 Model 142 Stepping 12, GenuineIntel
TMP=C:\Users\FUTURE~1\AppData\Local\Temp
TEMP=C:\Users\FUTURE~1\AppData\Local\Temp




Periodic native trim disabled

---------------  S Y S T E M  ---------------

OS:
 Windows 10 , 64 bit Build 19041 (10.0.19041.5915)
OS uptime: 4 days 19:06 hours
Hyper-V role detected

CPU: total 8 (initial active 8) (4 cores per cpu, 2 threads per core) family 6 model 142 stepping 12 microcode 0xf4, cx8, cmov, fxsr, ht, mmx, 3dnowpref, sse, sse2, sse3, ssse3, sse4.1, sse4.2, popcnt, lzcnt, tsc, tscinvbit, avx, avx2, aes, erms, clmul, bmi1, bmi2, adx, fma, vzeroupper, clflush, clflushopt, hv, rdtscp, f16c
Processor Information for all 8 processors :
  Max Mhz: 2112, Current Mhz: 1609, Mhz Limit: 1605

Memory: 4k page, system-wide physical 7824M (437M free)
TotalPageFile size 21550M (AvailPageFile size 4M)
current process WorkingSet (physical memory assigned to process): 267M, peak: 267M
current process commit charge ("private bytes"): 304M, peak: 304M

vm_info: OpenJDK 64-Bit Server VM (22.0.1+8-16) for windows-amd64 JRE (22.0.1+8-16), built on 2024-03-12T10:33:16Z by "mach5one" with MS VC++ 17.6 (VS2022)

END.
